<?xml version="1.0" encoding="UTF-8"?>
<testng-results ignored="0" total="1" passed="1" failed="0" skipped="0">
  <reporter-output>
  </reporter-output>
  <suite started-at="2026-07-25T18:08:35 MDT" name="Default suite" finished-at="2026-07-25T18:08:44 MDT" duration-ms="9154">
    <groups>
      <group name="cucumber">
        <method signature="AbstractTestNGCucumberTests.runScenario(io.cucumber.testng.PickleWrapper,io.cucumber.testng.FeatureWrapper)[pri:0, instance:com.parallel.runners.UiTestRunner@4c39bec8]" name="runScenario" class="io.cucumber.testng.AbstractTestNGCucumberTests"/>
      </group> <!-- cucumber -->
    </groups>
    <test started-at="2026-07-25T18:08:35 MDT" name="Default test" finished-at="2026-07-25T18:08:44 MDT" duration-ms="9154">
      <class name="com.parallel.runners.UiTestRunner">
        <test-method is-config="true" signature="setUpClass(org.testng.ITestContext)[pri:0, instance:com.parallel.runners.UiTestRunner@4c39bec8]" started-at="2026-07-25T18:08:35 MDT" name="setUpClass" finished-at="2026-07-25T18:08:35 MDT" duration-ms="477" status="PASS">
          <params>
            <param index="0">
              <value>
                <![CDATA[org.testng.TestRunner@2c58dcb1]]>
              </value>
            </param>
          </params>
          <reporter-output>
          </reporter-output>
        </test-method> <!-- setUpClass -->
        <test-method signature="runScenario(io.cucumber.testng.PickleWrapper,io.cucumber.testng.FeatureWrapper)[pri:0, instance:com.parallel.runners.UiTestRunner@4c39bec8]" started-at="2026-07-25T18:08:35 MDT" name="runScenario" description="Runs Cucumber Scenarios" data-provider="scenarios" finished-at="2026-07-25T18:08:44 MDT" duration-ms="8623" status="PASS">
          <params>
            <param index="0">
              <value>
                <![CDATA["Register a new user and delete the account successfully"]]>
              </value>
            </param>
            <param index="1">
              <value>
                <![CDATA["User Registeration and Account Deletion"]]>
              </value>
            </param>
          </params>
          <reporter-output>
          </reporter-output>
        </test-method> <!-- runScenario -->
        <test-method is-config="true" signature="tearDownClass()[pri:0, instance:com.parallel.runners.UiTestRunner@4c39bec8]" started-at="2026-07-25T18:08:44 MDT" name="tearDownClass" finished-at="2026-07-25T18:08:44 MDT" duration-ms="24" status="PASS">
          <reporter-output>
          </reporter-output>
        </test-method> <!-- tearDownClass -->
      </class> <!-- com.parallel.runners.UiTestRunner -->
    </test> <!-- Default test -->
  </suite> <!-- Default suite -->
</testng-results>
