<?xml version="1.0" encoding="UTF-8"?>
<!-- Generated by org.testng.reporters.JUnitReportReporter -->
<testsuite hostname="ASUS-Blu3sm4n" failures="0" tests="2" name="com.parallel.runners.TestRunner_Parallel" time="13.378" errors="0" timestamp="2025-10-02T22:25:52 EDT" skipped="0">
  <testcase classname="com.parallel.runners.TestRunner_Parallel" name="runScenario" time="7.723"/>
  <system-out/>
  <testcase classname="com.parallel.runners.TestRunner_Parallel" name="runScenario" time="5.655"/>
  <system-out/>
</testsuite> <!-- com.parallel.runners.TestRunner_Parallel -->
