<?xml version="1.0" encoding="UTF-8"?>
<!-- Generated by org.testng.reporters.JUnitReportReporter -->
<testsuite hostname="ASUS-Blu3sm4n" failures="0" tests="2" name="com.parallel.runners.TestRunner" time="21.086" errors="0" timestamp="2025-10-05T19:48:29 EDT" skipped="0">
  <testcase classname="com.parallel.runners.TestRunner" name="runScenario" time="11.468"/>
  <system-out/>
  <testcase classname="com.parallel.runners.TestRunner" name="runScenario" time="9.618"/>
  <system-out/>
</testsuite> <!-- com.parallel.runners.TestRunner -->
